The target system is: Android - 21 - mips
The host system is: Linux - 4.13.0-41-generic - x86_64
Determining if the CXX compiler works passed with the following output:
Change Dir: /home/crystal/workdir/BabyHelper/app/.externalNativeBuild/cmake/debug/mips/CMakeFiles/CMakeTmp

Run Build Command:"/home/crystal/sdk/android-sdk-linux/cmake/3.6.4111459/bin/ninja" "cmTC_09a84"
[1/2] Building CXX object CMakeFiles/cmTC_09a84.dir/testCXXCompiler.cxx.o
[2/2] Linking CXX executable cmTC_09a84


Determining if the CXX compiler works passed with the following output:
Change Dir: /home/crystal/workdir/BabyHelper/app/.externalNativeBuild/cmake/debug/mips/CMakeFiles/CMakeTmp

Run Build Command:"/home/crystal/sdk/android-sdk-linux/cmake/3.6.4111459/bin/ninja" "cmTC_1dbdc"
[1/2] Building CXX object CMakeFiles/cmTC_1dbdc.dir/testCXXCompiler.cxx.o
[2/2] Linking CXX executable cmTC_1dbdc


Detecting CXX compiler ABI info compiled with the following output:
Change Dir: /home/crystal/workdir/BabyHelper/app/.externalNativeBuild/cmake/debug/mips/CMakeFiles/CMakeTmp

Run Build Command:"/home/crystal/sdk/android-sdk-linux/cmake/3.6.4111459/bin/ninja" "cmTC_03ee2"
[1/2] Building CXX object CMakeFiles/cmTC_03ee2.dir/CMakeCXXCompilerABI.cpp.o
[2/2] Linking CXX executable cmTC_03ee2
Android clang version 5.0.300080  (based on LLVM 5.0.300080)
Target: mipsel-none-linux-android
Thread model: posix
InstalledDir: /home/crystal/sdk/android-ndk-r15c/toolchains/llvm/prebuilt/linux-x86_64/bin
Found candidate GCC installation: /home/crystal/sdk/android-ndk-r15c/toolchains/mips64el-linux-android-4.9/prebuilt/linux-x86_64/lib/gcc/mips64el-linux-android/4.9.x
Selected GCC installation: /home/crystal/sdk/android-ndk-r15c/toolchains/mips64el-linux-android-4.9/prebuilt/linux-x86_64/lib/gcc/mips64el-linux-android/4.9.x
Candidate multilib: .;@march=mips64r6
Candidate multilib: 32/mips-r1;@march=mips32
Candidate multilib: 32/mips-r2;@march=mips32r2
Candidate multilib: 32/mips-r6;@march=mips32r6
Selected multilib: 32/mips-r1;@march=mips32
 "/home/crystal/sdk/android-ndk-r15c/toolchains/mips64el-linux-android-4.9/prebuilt/linux-x86_64/lib/gcc/mips64el-linux-android/4.9.x/../../../../mips64el-linux-android/bin/ld" --sysroot=/home/crystal/sdk/android-ndk-r15c/platforms/android-21/arch-mips -pie -z relro --sysroot=/home/crystal/sdk/android-ndk-r15c/platforms/android-21/arch-mips --eh-frame-hdr -m elf32ltsmip -dynamic-linker /system/bin/linker -o cmTC_03ee2 /home/crystal/sdk/android-ndk-r15c/platforms/android-21/arch-mips/usr/lib/../lib/crtbegin_dynamic.o -L/home/crystal/sdk/android-ndk-r15c/toolchains/mips64el-linux-android-4.9/prebuilt/linux-x86_64/lib/gcc/mips64el-linux-android/4.9.x/32/mips-r1 -L/home/crystal/sdk/android-ndk-r15c/toolchains/llvm/prebuilt/linux-x86_64/lib64/clang/5.0.300080/lib/linux/mipsel -L/home/crystal/sdk/android-ndk-r15c/toolchains/mips64el-linux-android-4.9/prebuilt/linux-x86_64/lib/gcc/mips64el-linux-android/4.9.x/32/mips-r1 -L/home/crystal/sdk/android-ndk-r15c/toolchains/mips64el-linux-android-4.9/prebuilt/linux-x86_64/lib/gcc/mips64el-linux-android/4.9.x/../../../../mips64el-linux-android/lib/../lib -L/home/crystal/sdk/android-ndk-r15c/platforms/android-21/arch-mips/usr/lib/../lib -L/home/crystal/sdk/android-ndk-r15c/toolchains/mips64el-linux-android-4.9/prebuilt/linux-x86_64/lib/gcc/mips64el-linux-android/4.9.x/../../../../mips64el-linux-android/lib -L/home/crystal/sdk/android-ndk-r15c/platforms/android-21/arch-mips/usr/lib --exclude-libs libgcc.a --build-id --warn-shared-textrel --fatal-warnings --no-undefined -z noexecstack -z relro -z now --gc-sections -z nocopyreloc CMakeFiles/cmTC_03ee2.dir/CMakeCXXCompilerABI.cpp.o -lstdc++ -lm -lgcc -lgcc -ldl -lc -lgcc -lgcc -ldl /home/crystal/sdk/android-ndk-r15c/platforms/android-21/arch-mips/usr/lib/../lib/crtend_android.o


Parsed CXX implicit link information from above output:
  link line regex: [^( *|.*[/\])(mips64el-linux-android-ld|([^/\]+-)?ld|collect2)[^/\]*( |$)]
  ignore line: [Change Dir: /home/crystal/workdir/BabyHelper/app/.externalNativeBuild/cmake/debug/mips/CMakeFiles/CMakeTmp]
  ignore line: []
  ignore line: [Run Build Command:"/home/crystal/sdk/android-sdk-linux/cmake/3.6.4111459/bin/ninja" "cmTC_03ee2"]
  ignore line: [[1/2] Building CXX object CMakeFiles/cmTC_03ee2.dir/CMakeCXXCompilerABI.cpp.o]
  ignore line: [[2/2] Linking CXX executable cmTC_03ee2]
  ignore line: [Android clang version 5.0.300080  (based on LLVM 5.0.300080)]
  ignore line: [Target: mipsel-none-linux-android]
  ignore line: [Thread model: posix]
  ignore line: [InstalledDir: /home/crystal/sdk/android-ndk-r15c/toolchains/llvm/prebuilt/linux-x86_64/bin]
  ignore line: [Found candidate GCC installation: /home/crystal/sdk/android-ndk-r15c/toolchains/mips64el-linux-android-4.9/prebuilt/linux-x86_64/lib/gcc/mips64el-linux-android/4.9.x]
  ignore line: [Selected GCC installation: /home/crystal/sdk/android-ndk-r15c/toolchains/mips64el-linux-android-4.9/prebuilt/linux-x86_64/lib/gcc/mips64el-linux-android/4.9.x]
  ignore line: [Candidate multilib: .]
  ignore line: [@march=mips64r6]
  ignore line: [Candidate multilib: 32/mips-r1]
  ignore line: [@march=mips32]
  ignore line: [Candidate multilib: 32/mips-r2]
  ignore line: [@march=mips32r2]
  ignore line: [Candidate multilib: 32/mips-r6]
  ignore line: [@march=mips32r6]
  ignore line: [Selected multilib: 32/mips-r1]
  ignore line: [@march=mips32]
  link line: [ "/home/crystal/sdk/android-ndk-r15c/toolchains/mips64el-linux-android-4.9/prebuilt/linux-x86_64/lib/gcc/mips64el-linux-android/4.9.x/../../../../mips64el-linux-android/bin/ld" --sysroot=/home/crystal/sdk/android-ndk-r15c/platforms/android-21/arch-mips -pie -z relro --sysroot=/home/crystal/sdk/android-ndk-r15c/platforms/android-21/arch-mips --eh-frame-hdr -m elf32ltsmip -dynamic-linker /system/bin/linker -o cmTC_03ee2 /home/crystal/sdk/android-ndk-r15c/platforms/android-21/arch-mips/usr/lib/../lib/crtbegin_dynamic.o -L/home/crystal/sdk/android-ndk-r15c/toolchains/mips64el-linux-android-4.9/prebuilt/linux-x86_64/lib/gcc/mips64el-linux-android/4.9.x/32/mips-r1 -L/home/crystal/sdk/android-ndk-r15c/toolchains/llvm/prebuilt/linux-x86_64/lib64/clang/5.0.300080/lib/linux/mipsel -L/home/crystal/sdk/android-ndk-r15c/toolchains/mips64el-linux-android-4.9/prebuilt/linux-x86_64/lib/gcc/mips64el-linux-android/4.9.x/32/mips-r1 -L/home/crystal/sdk/android-ndk-r15c/toolchains/mips64el-linux-android-4.9/prebuilt/linux-x86_64/lib/gcc/mips64el-linux-android/4.9.x/../../../../mips64el-linux-android/lib/../lib -L/home/crystal/sdk/android-ndk-r15c/platforms/android-21/arch-mips/usr/lib/../lib -L/home/crystal/sdk/android-ndk-r15c/toolchains/mips64el-linux-android-4.9/prebuilt/linux-x86_64/lib/gcc/mips64el-linux-android/4.9.x/../../../../mips64el-linux-android/lib -L/home/crystal/sdk/android-ndk-r15c/platforms/android-21/arch-mips/usr/lib --exclude-libs libgcc.a --build-id --warn-shared-textrel --fatal-warnings --no-undefined -z noexecstack -z relro -z now --gc-sections -z nocopyreloc CMakeFiles/cmTC_03ee2.dir/CMakeCXXCompilerABI.cpp.o -lstdc++ -lm -lgcc -lgcc -ldl -lc -lgcc -lgcc -ldl /home/crystal/sdk/android-ndk-r15c/platforms/android-21/arch-mips/usr/lib/../lib/crtend_android.o]
    arg [/home/crystal/sdk/android-ndk-r15c/toolchains/mips64el-linux-android-4.9/prebuilt/linux-x86_64/lib/gcc/mips64el-linux-android/4.9.x/../../../../mips64el-linux-android/bin/ld] ==> ignore
    arg [--sysroot=/home/crystal/sdk/android-ndk-r15c/platforms/android-21/arch-mips] ==> ignore
    arg [-pie] ==> ignore
    arg [-zrelro] ==> ignore
    arg [--sysroot=/home/crystal/sdk/android-ndk-r15c/platforms/android-21/arch-mips] ==> ignore
    arg [--eh-frame-hdr] ==> ignore
    arg [-m] ==> ignore
    arg [elf32ltsmip] ==> ignore
    arg [-dynamic-linker] ==> ignore
    arg [/system/bin/linker] ==> ignore
    arg [-o] ==> ignore
    arg [cmTC_03ee2] ==> ignore
    arg [/home/crystal/sdk/android-ndk-r15c/platforms/android-21/arch-mips/usr/lib/../lib/crtbegin_dynamic.o] ==> ignore
    arg [-L/home/crystal/sdk/android-ndk-r15c/toolchains/mips64el-linux-android-4.9/prebuilt/linux-x86_64/lib/gcc/mips64el-linux-android/4.9.x/32/mips-r1] ==> dir [/home/crystal/sdk/android-ndk-r15c/toolchains/mips64el-linux-android-4.9/prebuilt/linux-x86_64/lib/gcc/mips64el-linux-android/4.9.x/32/mips-r1]
    arg [-L/home/crystal/sdk/android-ndk-r15c/toolchains/llvm/prebuilt/linux-x86_64/lib64/clang/5.0.300080/lib/linux/mipsel] ==> dir [/home/crystal/sdk/android-ndk-r15c/toolchains/llvm/prebuilt/linux-x86_64/lib64/clang/5.0.300080/lib/linux/mipsel]
    arg [-L/home/crystal/sdk/android-ndk-r15c/toolchains/mips64el-linux-android-4.9/prebuilt/linux-x86_64/lib/gcc/mips64el-linux-android/4.9.x/32/mips-r1] ==> dir [/home/crystal/sdk/android-ndk-r15c/toolchains/mips64el-linux-android-4.9/prebuilt/linux-x86_64/lib/gcc/mips64el-linux-android/4.9.x/32/mips-r1]
    arg [-L/home/crystal/sdk/android-ndk-r15c/toolchains/mips64el-linux-android-4.9/prebuilt/linux-x86_64/lib/gcc/mips64el-linux-android/4.9.x/../../../../mips64el-linux-android/lib/../lib] ==> dir [/home/crystal/sdk/android-ndk-r15c/toolchains/mips64el-linux-android-4.9/prebuilt/linux-x86_64/lib/gcc/mips64el-linux-android/4.9.x/../../../../mips64el-linux-android/lib/../lib]
    arg [-L/home/crystal/sdk/android-ndk-r15c/platforms/android-21/arch-mips/usr/lib/../lib] ==> dir [/home/crystal/sdk/android-ndk-r15c/platforms/android-21/arch-mips/usr/lib/../lib]
    arg [-L/home/crystal/sdk/android-ndk-r15c/toolchains/mips64el-linux-android-4.9/prebuilt/linux-x86_64/lib/gcc/mips64el-linux-android/4.9.x/../../../../mips64el-linux-android/lib] ==> dir [/home/crystal/sdk/android-ndk-r15c/toolchains/mips64el-linux-android-4.9/prebuilt/linux-x86_64/lib/gcc/mips64el-linux-android/4.9.x/../../../../mips64el-linux-android/lib]
    arg [-L/home/crystal/sdk/android-ndk-r15c/platforms/android-21/arch-mips/usr/lib] ==> dir [/home/crystal/sdk/android-ndk-r15c/platforms/android-21/arch-mips/usr/lib]
    arg [--exclude-libs] ==> ignore
    arg [libgcc.a] ==> ignore
    arg [--build-id] ==> ignore
    arg [--warn-shared-textrel] ==> ignore
    arg [--fatal-warnings] ==> ignore
    arg [--no-undefined] ==> ignore
    arg [-znoexecstack] ==> ignore
    arg [-zrelro] ==> ignore
    arg [-znow] ==> ignore
    arg [--gc-sections] ==> ignore
    arg [-znocopyreloc] ==> ignore
    arg [CMakeFiles/cmTC_03ee2.dir/CMakeCXXCompilerABI.cpp.o] ==> ignore
    arg [-lstdc++] ==> lib [stdc++]
    arg [-lm] ==> lib [m]
    arg [-lgcc] ==> lib [gcc]
    arg [-lgcc] ==> lib [gcc]
    arg [-ldl] ==> lib [dl]
    arg [-lc] ==> lib [c]
    arg [-lgcc] ==> lib [gcc]
    arg [-lgcc] ==> lib [gcc]
    arg [-ldl] ==> lib [dl]
    arg [/home/crystal/sdk/android-ndk-r15c/platforms/android-21/arch-mips/usr/lib/../lib/crtend_android.o] ==> ignore
  remove lib [gcc]
  remove lib [gcc]
  remove lib [gcc]
  remove lib [gcc]
  collapse library dir [/home/crystal/sdk/android-ndk-r15c/toolchains/mips64el-linux-android-4.9/prebuilt/linux-x86_64/lib/gcc/mips64el-linux-android/4.9.x/32/mips-r1] ==> [/home/crystal/sdk/android-ndk-r15c/toolchains/mips64el-linux-android-4.9/prebuilt/linux-x86_64/lib/gcc/mips64el-linux-android/4.9.x/32/mips-r1]
  collapse library dir [/home/crystal/sdk/android-ndk-r15c/toolchains/llvm/prebuilt/linux-x86_64/lib64/clang/5.0.300080/lib/linux/mipsel] ==> [/home/crystal/sdk/android-ndk-r15c/toolchains/llvm/prebuilt/linux-x86_64/lib64/clang/5.0.300080/lib/linux/mipsel]
  collapse library dir [/home/crystal/sdk/android-ndk-r15c/toolchains/mips64el-linux-android-4.9/prebuilt/linux-x86_64/lib/gcc/mips64el-linux-android/4.9.x/32/mips-r1] ==> [/home/crystal/sdk/android-ndk-r15c/toolchains/mips64el-linux-android-4.9/prebuilt/linux-x86_64/lib/gcc/mips64el-linux-android/4.9.x/32/mips-r1]
  collapse library dir [/home/crystal/sdk/android-ndk-r15c/toolchains/mips64el-linux-android-4.9/prebuilt/linux-x86_64/lib/gcc/mips64el-linux-android/4.9.x/../../../../mips64el-linux-android/lib/../lib] ==> [/home/crystal/sdk/android-ndk-r15c/toolchains/mips64el-linux-android-4.9/prebuilt/linux-x86_64/mips64el-linux-android/lib]
  collapse library dir [/home/crystal/sdk/android-ndk-r15c/platforms/android-21/arch-mips/usr/lib/../lib] ==> [/home/crystal/sdk/android-ndk-r15c/platforms/android-21/arch-mips/usr/lib]
  collapse library dir [/home/crystal/sdk/android-ndk-r15c/toolchains/mips64el-linux-android-4.9/prebuilt/linux-x86_64/lib/gcc/mips64el-linux-android/4.9.x/../../../../mips64el-linux-android/lib] ==> [/home/crystal/sdk/android-ndk-r15c/toolchains/mips64el-linux-android-4.9/prebuilt/linux-x86_64/mips64el-linux-android/lib]
  collapse library dir [/home/crystal/sdk/android-ndk-r15c/platforms/android-21/arch-mips/usr/lib] ==> [/home/crystal/sdk/android-ndk-r15c/platforms/android-21/arch-mips/usr/lib]
  implicit libs: [stdc++;m;dl;c;dl]
  implicit dirs: [/home/crystal/sdk/android-ndk-r15c/toolchains/mips64el-linux-android-4.9/prebuilt/linux-x86_64/lib/gcc/mips64el-linux-android/4.9.x/32/mips-r1;/home/crystal/sdk/android-ndk-r15c/toolchains/llvm/prebuilt/linux-x86_64/lib64/clang/5.0.300080/lib/linux/mipsel;/home/crystal/sdk/android-ndk-r15c/toolchains/mips64el-linux-android-4.9/prebuilt/linux-x86_64/mips64el-linux-android/lib;/home/crystal/sdk/android-ndk-r15c/platforms/android-21/arch-mips/usr/lib]
  implicit fwks: []


