The target system is: Android - 1 - aarch64
The host system is: Linux - 4.13.0-41-generic - x86_64
Determining if the C compiler works passed with the following output:
Change Dir: /home/crystal/workdir/BabyHelper/app/.externalNativeBuild/cmake/debug/arm64-v8a/CMakeFiles/CMakeTmp

Run Build Command:"/home/crystal/sdk/android-sdk-linux/cmake/3.6.4111459/bin/ninja" "cmTC_c5393"
[1/2] Building C object CMakeFiles/cmTC_c5393.dir/testCCompiler.c.o
[2/2] Linking C executable cmTC_c5393


Detecting C compiler ABI info compiled with the following output:
Change Dir: /home/crystal/workdir/BabyHelper/app/.externalNativeBuild/cmake/debug/arm64-v8a/CMakeFiles/CMakeTmp

Run Build Command:"/home/crystal/sdk/android-sdk-linux/cmake/3.6.4111459/bin/ninja" "cmTC_0de07"
[1/2] Building C object CMakeFiles/cmTC_0de07.dir/CMakeCCompilerABI.c.o
[2/2] Linking C executable cmTC_0de07
Android (4691093 based on r316199) clang version 6.0.2 (https://android.googlesource.com/toolchain/clang 183abd29fc496f55536e7d904e0abae47888fc7f) (https://android.googlesource.com/toolchain/llvm 34361f192e41ed6e4e8f9aca80a4ea7e9856f327) (based on LLVM 6.0.2svn)
Target: aarch64-none-linux-android
Thread model: posix
InstalledDir: /home/crystal/sdk/android_ndk/toolchains/llvm/prebuilt/linux-x86_64/bin
Found candidate GCC installation: /home/crystal/sdk/android_ndk/toolchains/aarch64-linux-android-4.9/prebuilt/linux-x86_64/lib/gcc/aarch64-linux-android/4.9.x
Selected GCC installation: /home/crystal/sdk/android_ndk/toolchains/aarch64-linux-android-4.9/prebuilt/linux-x86_64/lib/gcc/aarch64-linux-android/4.9.x
Candidate multilib: .;@m64
Selected multilib: .;@m64
 "/home/crystal/sdk/android_ndk/toolchains/aarch64-linux-android-4.9/prebuilt/linux-x86_64/lib/gcc/aarch64-linux-android/4.9.x/../../../../aarch64-linux-android/bin/ld" --sysroot=/home/crystal/sdk/android_ndk/platforms/android-21/arch-arm64 -pie --fix-cortex-a53-843419 -z relro --eh-frame-hdr -m aarch64linux -dynamic-linker /system/bin/linker64 -o cmTC_0de07 /home/crystal/sdk/android_ndk/platforms/android-21/arch-arm64/usr/lib/crtbegin_dynamic.o -L/home/crystal/sdk/android_ndk/sources/cxx-stl/llvm-libc++/libs/arm64-v8a -L/home/crystal/sdk/android_ndk/toolchains/llvm/prebuilt/linux-x86_64/lib64/clang/6.0.2/lib/linux/aarch64 -L/home/crystal/sdk/android_ndk/toolchains/aarch64-linux-android-4.9/prebuilt/linux-x86_64/lib/gcc/aarch64-linux-android/4.9.x -L/home/crystal/sdk/android_ndk/toolchains/aarch64-linux-android-4.9/prebuilt/linux-x86_64/lib/gcc/aarch64-linux-android/4.9.x/../../../../aarch64-linux-android/lib/../lib64 -L/home/crystal/sdk/android_ndk/toolchains/aarch64-linux-android-4.9/prebuilt/linux-x86_64/lib/gcc/aarch64-linux-android/4.9.x/../../../../aarch64-linux-android/lib -L/home/crystal/sdk/android_ndk/platforms/android-21/arch-arm64/usr/lib --exclude-libs libgcc.a --exclude-libs libatomic.a --build-id --warn-shared-textrel --fatal-warnings --no-undefined -z noexecstack -z relro -z now --gc-sections -z nocopyreloc CMakeFiles/cmTC_0de07.dir/CMakeCCompilerABI.c.o -lgcc -ldl -lc -lgcc -ldl /home/crystal/sdk/android_ndk/platforms/android-21/arch-arm64/usr/lib/crtend_android.o


Parsed C implicit link information from above output:
  link line regex: [^( *|.*[/\])(aarch64-linux-android-ld|([^/\]+-)?ld|collect2)[^/\]*( |$)]
  ignore line: [Change Dir: /home/crystal/workdir/BabyHelper/app/.externalNativeBuild/cmake/debug/arm64-v8a/CMakeFiles/CMakeTmp]
  ignore line: []
  ignore line: [Run Build Command:"/home/crystal/sdk/android-sdk-linux/cmake/3.6.4111459/bin/ninja" "cmTC_0de07"]
  ignore line: [[1/2] Building C object CMakeFiles/cmTC_0de07.dir/CMakeCCompilerABI.c.o]
  ignore line: [[2/2] Linking C executable cmTC_0de07]
  ignore line: [Android (4691093 based on r316199) clang version 6.0.2 (https://android.googlesource.com/toolchain/clang 183abd29fc496f55536e7d904e0abae47888fc7f) (https://android.googlesource.com/toolchain/llvm 34361f192e41ed6e4e8f9aca80a4ea7e9856f327) (based on LLVM 6.0.2svn)]
  ignore line: [Target: aarch64-none-linux-android]
  ignore line: [Thread model: posix]
  ignore line: [InstalledDir: /home/crystal/sdk/android_ndk/toolchains/llvm/prebuilt/linux-x86_64/bin]
  ignore line: [Found candidate GCC installation: /home/crystal/sdk/android_ndk/toolchains/aarch64-linux-android-4.9/prebuilt/linux-x86_64/lib/gcc/aarch64-linux-android/4.9.x]
  ignore line: [Selected GCC installation: /home/crystal/sdk/android_ndk/toolchains/aarch64-linux-android-4.9/prebuilt/linux-x86_64/lib/gcc/aarch64-linux-android/4.9.x]
  ignore line: [Candidate multilib: .]
  ignore line: [@m64]
  ignore line: [Selected multilib: .]
  ignore line: [@m64]
  link line: [ "/home/crystal/sdk/android_ndk/toolchains/aarch64-linux-android-4.9/prebuilt/linux-x86_64/lib/gcc/aarch64-linux-android/4.9.x/../../../../aarch64-linux-android/bin/ld" --sysroot=/home/crystal/sdk/android_ndk/platforms/android-21/arch-arm64 -pie --fix-cortex-a53-843419 -z relro --eh-frame-hdr -m aarch64linux -dynamic-linker /system/bin/linker64 -o cmTC_0de07 /home/crystal/sdk/android_ndk/platforms/android-21/arch-arm64/usr/lib/crtbegin_dynamic.o -L/home/crystal/sdk/android_ndk/sources/cxx-stl/llvm-libc++/libs/arm64-v8a -L/home/crystal/sdk/android_ndk/toolchains/llvm/prebuilt/linux-x86_64/lib64/clang/6.0.2/lib/linux/aarch64 -L/home/crystal/sdk/android_ndk/toolchains/aarch64-linux-android-4.9/prebuilt/linux-x86_64/lib/gcc/aarch64-linux-android/4.9.x -L/home/crystal/sdk/android_ndk/toolchains/aarch64-linux-android-4.9/prebuilt/linux-x86_64/lib/gcc/aarch64-linux-android/4.9.x/../../../../aarch64-linux-android/lib/../lib64 -L/home/crystal/sdk/android_ndk/toolchains/aarch64-linux-android-4.9/prebuilt/linux-x86_64/lib/gcc/aarch64-linux-android/4.9.x/../../../../aarch64-linux-android/lib -L/home/crystal/sdk/android_ndk/platforms/android-21/arch-arm64/usr/lib --exclude-libs libgcc.a --exclude-libs libatomic.a --build-id --warn-shared-textrel --fatal-warnings --no-undefined -z noexecstack -z relro -z now --gc-sections -z nocopyreloc CMakeFiles/cmTC_0de07.dir/CMakeCCompilerABI.c.o -lgcc -ldl -lc -lgcc -ldl /home/crystal/sdk/android_ndk/platforms/android-21/arch-arm64/usr/lib/crtend_android.o]
    arg [/home/crystal/sdk/android_ndk/toolchains/aarch64-linux-android-4.9/prebuilt/linux-x86_64/lib/gcc/aarch64-linux-android/4.9.x/../../../../aarch64-linux-android/bin/ld] ==> ignore
    arg [--sysroot=/home/crystal/sdk/android_ndk/platforms/android-21/arch-arm64] ==> ignore
    arg [-pie] ==> ignore
    arg [--fix-cortex-a53-843419] ==> ignore
    arg [-zrelro] ==> ignore
    arg [--eh-frame-hdr] ==> ignore
    arg [-m] ==> ignore
    arg [aarch64linux] ==> ignore
    arg [-dynamic-linker] ==> ignore
    arg [/system/bin/linker64] ==> ignore
    arg [-o] ==> ignore
    arg [cmTC_0de07] ==> ignore
    arg [/home/crystal/sdk/android_ndk/platforms/android-21/arch-arm64/usr/lib/crtbegin_dynamic.o] ==> ignore
    arg [-L/home/crystal/sdk/android_ndk/sources/cxx-stl/llvm-libc++/libs/arm64-v8a] ==> dir [/home/crystal/sdk/android_ndk/sources/cxx-stl/llvm-libc++/libs/arm64-v8a]
    arg [-L/home/crystal/sdk/android_ndk/toolchains/llvm/prebuilt/linux-x86_64/lib64/clang/6.0.2/lib/linux/aarch64] ==> dir [/home/crystal/sdk/android_ndk/toolchains/llvm/prebuilt/linux-x86_64/lib64/clang/6.0.2/lib/linux/aarch64]
    arg [-L/home/crystal/sdk/android_ndk/toolchains/aarch64-linux-android-4.9/prebuilt/linux-x86_64/lib/gcc/aarch64-linux-android/4.9.x] ==> dir [/home/crystal/sdk/android_ndk/toolchains/aarch64-linux-android-4.9/prebuilt/linux-x86_64/lib/gcc/aarch64-linux-android/4.9.x]
    arg [-L/home/crystal/sdk/android_ndk/toolchains/aarch64-linux-android-4.9/prebuilt/linux-x86_64/lib/gcc/aarch64-linux-android/4.9.x/../../../../aarch64-linux-android/lib/../lib64] ==> dir [/home/crystal/sdk/android_ndk/toolchains/aarch64-linux-android-4.9/prebuilt/linux-x86_64/lib/gcc/aarch64-linux-android/4.9.x/../../../../aarch64-linux-android/lib/../lib64]
    arg [-L/home/crystal/sdk/android_ndk/toolchains/aarch64-linux-android-4.9/prebuilt/linux-x86_64/lib/gcc/aarch64-linux-android/4.9.x/../../../../aarch64-linux-android/lib] ==> dir [/home/crystal/sdk/android_ndk/toolchains/aarch64-linux-android-4.9/prebuilt/linux-x86_64/lib/gcc/aarch64-linux-android/4.9.x/../../../../aarch64-linux-android/lib]
    arg [-L/home/crystal/sdk/android_ndk/platforms/android-21/arch-arm64/usr/lib] ==> dir [/home/crystal/sdk/android_ndk/platforms/android-21/arch-arm64/usr/lib]
    arg [--exclude-libs] ==> ignore
    arg [libgcc.a] ==> ignore
    arg [--exclude-libs] ==> ignore
    arg [libatomic.a] ==> ignore
    arg [--build-id] ==> ignore
    arg [--warn-shared-textrel] ==> ignore
    arg [--fatal-warnings] ==> ignore
    arg [--no-undefined] ==> ignore
    arg [-znoexecstack] ==> ignore
    arg [-zrelro] ==> ignore
    arg [-znow] ==> ignore
    arg [--gc-sections] ==> ignore
    arg [-znocopyreloc] ==> ignore
    arg [CMakeFiles/cmTC_0de07.dir/CMakeCCompilerABI.c.o] ==> ignore
    arg [-lgcc] ==> lib [gcc]
    arg [-ldl] ==> lib [dl]
    arg [-lc] ==> lib [c]
    arg [-lgcc] ==> lib [gcc]
    arg [-ldl] ==> lib [dl]
    arg [/home/crystal/sdk/android_ndk/platforms/android-21/arch-arm64/usr/lib/crtend_android.o] ==> ignore
  remove lib [gcc]
  remove lib [gcc]
  collapse library dir [/home/crystal/sdk/android_ndk/sources/cxx-stl/llvm-libc++/libs/arm64-v8a] ==> [/home/crystal/sdk/android_ndk/sources/cxx-stl/llvm-libc++/libs/arm64-v8a]
  collapse library dir [/home/crystal/sdk/android_ndk/toolchains/llvm/prebuilt/linux-x86_64/lib64/clang/6.0.2/lib/linux/aarch64] ==> [/home/crystal/sdk/android_ndk/toolchains/llvm/prebuilt/linux-x86_64/lib64/clang/6.0.2/lib/linux/aarch64]
  collapse library dir [/home/crystal/sdk/android_ndk/toolchains/aarch64-linux-android-4.9/prebuilt/linux-x86_64/lib/gcc/aarch64-linux-android/4.9.x] ==> [/home/crystal/sdk/android_ndk/toolchains/aarch64-linux-android-4.9/prebuilt/linux-x86_64/lib/gcc/aarch64-linux-android/4.9.x]
  collapse library dir [/home/crystal/sdk/android_ndk/toolchains/aarch64-linux-android-4.9/prebuilt/linux-x86_64/lib/gcc/aarch64-linux-android/4.9.x/../../../../aarch64-linux-android/lib/../lib64] ==> [/home/crystal/sdk/android_ndk/toolchains/aarch64-linux-android-4.9/prebuilt/linux-x86_64/aarch64-linux-android/lib64]
  collapse library dir [/home/crystal/sdk/android_ndk/toolchains/aarch64-linux-android-4.9/prebuilt/linux-x86_64/lib/gcc/aarch64-linux-android/4.9.x/../../../../aarch64-linux-android/lib] ==> [/home/crystal/sdk/android_ndk/toolchains/aarch64-linux-android-4.9/prebuilt/linux-x86_64/aarch64-linux-android/lib]
  collapse library dir [/home/crystal/sdk/android_ndk/platforms/android-21/arch-arm64/usr/lib] ==> [/home/crystal/sdk/android_ndk/platforms/android-21/arch-arm64/usr/lib]
  implicit libs: [dl;c;dl]
  implicit dirs: [/home/crystal/sdk/android_ndk/sources/cxx-stl/llvm-libc++/libs/arm64-v8a;/home/crystal/sdk/android_ndk/toolchains/llvm/prebuilt/linux-x86_64/lib64/clang/6.0.2/lib/linux/aarch64;/home/crystal/sdk/android_ndk/toolchains/aarch64-linux-android-4.9/prebuilt/linux-x86_64/lib/gcc/aarch64-linux-android/4.9.x;/home/crystal/sdk/android_ndk/toolchains/aarch64-linux-android-4.9/prebuilt/linux-x86_64/aarch64-linux-android/lib64;/home/crystal/sdk/android_ndk/toolchains/aarch64-linux-android-4.9/prebuilt/linux-x86_64/aarch64-linux-android/lib;/home/crystal/sdk/android_ndk/platforms/android-21/arch-arm64/usr/lib]
  implicit fwks: []




Detecting C [-std=c11] compiler features compiled with the following output:
Change Dir: /home/crystal/workdir/BabyHelper/app/.externalNativeBuild/cmake/debug/arm64-v8a/CMakeFiles/CMakeTmp

Run Build Command:"/home/crystal/sdk/android-sdk-linux/cmake/3.6.4111459/bin/ninja" "cmTC_4ef30"
[1/2] Building C object CMakeFiles/cmTC_4ef30.dir/feature_tests.c.o
[2/2] Linking C executable cmTC_4ef30


    Feature record: C_FEATURE:1c_function_prototypes
    Feature record: C_FEATURE:1c_restrict
    Feature record: C_FEATURE:1c_static_assert
    Feature record: C_FEATURE:1c_variadic_macros


Detecting C [-std=c99] compiler features compiled with the following output:
Change Dir: /home/crystal/workdir/BabyHelper/app/.externalNativeBuild/cmake/debug/arm64-v8a/CMakeFiles/CMakeTmp

Run Build Command:"/home/crystal/sdk/android-sdk-linux/cmake/3.6.4111459/bin/ninja" "cmTC_6bcbf"
[1/2] Building C object CMakeFiles/cmTC_6bcbf.dir/feature_tests.c.o
[2/2] Linking C executable cmTC_6bcbf


    Feature record: C_FEATURE:1c_function_prototypes
    Feature record: C_FEATURE:1c_restrict
    Feature record: C_FEATURE:0c_static_assert
    Feature record: C_FEATURE:1c_variadic_macros


Detecting C [-std=c90] compiler features compiled with the following output:
Change Dir: /home/crystal/workdir/BabyHelper/app/.externalNativeBuild/cmake/debug/arm64-v8a/CMakeFiles/CMakeTmp

Run Build Command:"/home/crystal/sdk/android-sdk-linux/cmake/3.6.4111459/bin/ninja" "cmTC_957e6"
[1/2] Building C object CMakeFiles/cmTC_957e6.dir/feature_tests.c.o
[2/2] Linking C executable cmTC_957e6


    Feature record: C_FEATURE:1c_function_prototypes
    Feature record: C_FEATURE:0c_restrict
    Feature record: C_FEATURE:0c_static_assert
    Feature record: C_FEATURE:0c_variadic_macros
