The target system is: Android - 21 - mips64
The host system is: Linux - 4.13.0-45-generic - x86_64
Determining if the C compiler works passed with the following output:
Change Dir: /home/crystal/workdir/android_src/BabyHelper/app/.externalNativeBuild/cmake/debug/mips64/CMakeFiles/CMakeTmp

Run Build Command:"/home/crystal/sdk/android_sdk/cmake/3.6.4111459/bin/ninja" "cmTC_f0dcf"
[1/2] Building C object CMakeFiles/cmTC_f0dcf.dir/testCCompiler.c.o
[2/2] Linking C executable cmTC_f0dcf


Detecting C compiler ABI info compiled with the following output:
Change Dir: /home/crystal/workdir/android_src/BabyHelper/app/.externalNativeBuild/cmake/debug/mips64/CMakeFiles/CMakeTmp

Run Build Command:"/home/crystal/sdk/android_sdk/cmake/3.6.4111459/bin/ninja" "cmTC_d25eb"
[1/2] Building C object CMakeFiles/cmTC_d25eb.dir/CMakeCCompilerABI.c.o
[2/2] Linking C executable cmTC_d25eb
Android clang version 5.0.300080  (based on LLVM 5.0.300080)
Target: mips64el-none-linux-android
Thread model: posix
InstalledDir: /home/crystal/sdk/android-ndk-r15c/toolchains/llvm/prebuilt/linux-x86_64/bin
Found candidate GCC installation: /home/crystal/sdk/android-ndk-r15c/toolchains/mips64el-linux-android-4.9/prebuilt/linux-x86_64/lib/gcc/mips64el-linux-android/4.9.x
Selected GCC installation: /home/crystal/sdk/android-ndk-r15c/toolchains/mips64el-linux-android-4.9/prebuilt/linux-x86_64/lib/gcc/mips64el-linux-android/4.9.x
Candidate multilib: .;@march=mips64r6
Candidate multilib: 32/mips-r1;@march=mips32
Candidate multilib: 32/mips-r2;@march=mips32r2
Candidate multilib: 32/mips-r6;@march=mips32r6
Selected multilib: .;@march=mips64r6
 "/home/crystal/sdk/android-ndk-r15c/toolchains/mips64el-linux-android-4.9/prebuilt/linux-x86_64/lib/gcc/mips64el-linux-android/4.9.x/../../../../mips64el-linux-android/bin/ld" --sysroot=/home/crystal/sdk/android-ndk-r15c/platforms/android-21/arch-mips64 -pie -z relro --sysroot=/home/crystal/sdk/android-ndk-r15c/platforms/android-21/arch-mips64 --eh-frame-hdr -m elf64ltsmip -dynamic-linker /system/bin/linker64 -o cmTC_d25eb /home/crystal/sdk/android-ndk-r15c/platforms/android-21/arch-mips64/usr/lib/../lib64/crtbegin_dynamic.o -L/home/crystal/sdk/android-ndk-r15c/toolchains/llvm/prebuilt/linux-x86_64/lib64/clang/5.0.300080/lib/linux/mips64el -L/home/crystal/sdk/android-ndk-r15c/toolchains/mips64el-linux-android-4.9/prebuilt/linux-x86_64/lib/gcc/mips64el-linux-android/4.9.x -L/home/crystal/sdk/android-ndk-r15c/toolchains/mips64el-linux-android-4.9/prebuilt/linux-x86_64/lib/gcc/mips64el-linux-android/4.9.x/../../../../mips64el-linux-android/lib/../lib64 -L/home/crystal/sdk/android-ndk-r15c/platforms/android-21/arch-mips64/usr/lib/../lib64 -L/home/crystal/sdk/android-ndk-r15c/toolchains/mips64el-linux-android-4.9/prebuilt/linux-x86_64/lib/gcc/mips64el-linux-android/4.9.x/../../../../mips64el-linux-android/lib -L/home/crystal/sdk/android-ndk-r15c/platforms/android-21/arch-mips64/usr/lib --exclude-libs libgcc.a --build-id --warn-shared-textrel --fatal-warnings --no-undefined -z noexecstack -z relro -z now --gc-sections -z nocopyreloc CMakeFiles/cmTC_d25eb.dir/CMakeCCompilerABI.c.o -lgcc -ldl -lc -lgcc -ldl /home/crystal/sdk/android-ndk-r15c/platforms/android-21/arch-mips64/usr/lib/../lib64/crtend_android.o


Parsed C implicit link information from above output:
  link line regex: [^( *|.*[/\])(mips64el-linux-android-ld|([^/\]+-)?ld|collect2)[^/\]*( |$)]
  ignore line: [Change Dir: /home/crystal/workdir/android_src/BabyHelper/app/.externalNativeBuild/cmake/debug/mips64/CMakeFiles/CMakeTmp]
  ignore line: []
  ignore line: [Run Build Command:"/home/crystal/sdk/android_sdk/cmake/3.6.4111459/bin/ninja" "cmTC_d25eb"]
  ignore line: [[1/2] Building C object CMakeFiles/cmTC_d25eb.dir/CMakeCCompilerABI.c.o]
  ignore line: [[2/2] Linking C executable cmTC_d25eb]
  ignore line: [Android clang version 5.0.300080  (based on LLVM 5.0.300080)]
  ignore line: [Target: mips64el-none-linux-android]
  ignore line: [Thread model: posix]
  ignore line: [InstalledDir: /home/crystal/sdk/android-ndk-r15c/toolchains/llvm/prebuilt/linux-x86_64/bin]
  ignore line: [Found candidate GCC installation: /home/crystal/sdk/android-ndk-r15c/toolchains/mips64el-linux-android-4.9/prebuilt/linux-x86_64/lib/gcc/mips64el-linux-android/4.9.x]
  ignore line: [Selected GCC installation: /home/crystal/sdk/android-ndk-r15c/toolchains/mips64el-linux-android-4.9/prebuilt/linux-x86_64/lib/gcc/mips64el-linux-android/4.9.x]
  ignore line: [Candidate multilib: .]
  ignore line: [@march=mips64r6]
  ignore line: [Candidate multilib: 32/mips-r1]
  ignore line: [@march=mips32]
  ignore line: [Candidate multilib: 32/mips-r2]
  ignore line: [@march=mips32r2]
  ignore line: [Candidate multilib: 32/mips-r6]
  ignore line: [@march=mips32r6]
  ignore line: [Selected multilib: .]
  ignore line: [@march=mips64r6]
  link line: [ "/home/crystal/sdk/android-ndk-r15c/toolchains/mips64el-linux-android-4.9/prebuilt/linux-x86_64/lib/gcc/mips64el-linux-android/4.9.x/../../../../mips64el-linux-android/bin/ld" --sysroot=/home/crystal/sdk/android-ndk-r15c/platforms/android-21/arch-mips64 -pie -z relro --sysroot=/home/crystal/sdk/android-ndk-r15c/platforms/android-21/arch-mips64 --eh-frame-hdr -m elf64ltsmip -dynamic-linker /system/bin/linker64 -o cmTC_d25eb /home/crystal/sdk/android-ndk-r15c/platforms/android-21/arch-mips64/usr/lib/../lib64/crtbegin_dynamic.o -L/home/crystal/sdk/android-ndk-r15c/toolchains/llvm/prebuilt/linux-x86_64/lib64/clang/5.0.300080/lib/linux/mips64el -L/home/crystal/sdk/android-ndk-r15c/toolchains/mips64el-linux-android-4.9/prebuilt/linux-x86_64/lib/gcc/mips64el-linux-android/4.9.x -L/home/crystal/sdk/android-ndk-r15c/toolchains/mips64el-linux-android-4.9/prebuilt/linux-x86_64/lib/gcc/mips64el-linux-android/4.9.x/../../../../mips64el-linux-android/lib/../lib64 -L/home/crystal/sdk/android-ndk-r15c/platforms/android-21/arch-mips64/usr/lib/../lib64 -L/home/crystal/sdk/android-ndk-r15c/toolchains/mips64el-linux-android-4.9/prebuilt/linux-x86_64/lib/gcc/mips64el-linux-android/4.9.x/../../../../mips64el-linux-android/lib -L/home/crystal/sdk/android-ndk-r15c/platforms/android-21/arch-mips64/usr/lib --exclude-libs libgcc.a --build-id --warn-shared-textrel --fatal-warnings --no-undefined -z noexecstack -z relro -z now --gc-sections -z nocopyreloc CMakeFiles/cmTC_d25eb.dir/CMakeCCompilerABI.c.o -lgcc -ldl -lc -lgcc -ldl /home/crystal/sdk/android-ndk-r15c/platforms/android-21/arch-mips64/usr/lib/../lib64/crtend_android.o]
    arg [/home/crystal/sdk/android-ndk-r15c/toolchains/mips64el-linux-android-4.9/prebuilt/linux-x86_64/lib/gcc/mips64el-linux-android/4.9.x/../../../../mips64el-linux-android/bin/ld] ==> ignore
    arg [--sysroot=/home/crystal/sdk/android-ndk-r15c/platforms/android-21/arch-mips64] ==> ignore
    arg [-pie] ==> ignore
    arg [-zrelro] ==> ignore
    arg [--sysroot=/home/crystal/sdk/android-ndk-r15c/platforms/android-21/arch-mips64] ==> ignore
    arg [--eh-frame-hdr] ==> ignore
    arg [-m] ==> ignore
    arg [elf64ltsmip] ==> ignore
    arg [-dynamic-linker] ==> ignore
    arg [/system/bin/linker64] ==> ignore
    arg [-o] ==> ignore
    arg [cmTC_d25eb] ==> ignore
    arg [/home/crystal/sdk/android-ndk-r15c/platforms/android-21/arch-mips64/usr/lib/../lib64/crtbegin_dynamic.o] ==> ignore
    arg [-L/home/crystal/sdk/android-ndk-r15c/toolchains/llvm/prebuilt/linux-x86_64/lib64/clang/5.0.300080/lib/linux/mips64el] ==> dir [/home/crystal/sdk/android-ndk-r15c/toolchains/llvm/prebuilt/linux-x86_64/lib64/clang/5.0.300080/lib/linux/mips64el]
    arg [-L/home/crystal/sdk/android-ndk-r15c/toolchains/mips64el-linux-android-4.9/prebuilt/linux-x86_64/lib/gcc/mips64el-linux-android/4.9.x] ==> dir [/home/crystal/sdk/android-ndk-r15c/toolchains/mips64el-linux-android-4.9/prebuilt/linux-x86_64/lib/gcc/mips64el-linux-android/4.9.x]
    arg [-L/home/crystal/sdk/android-ndk-r15c/toolchains/mips64el-linux-android-4.9/prebuilt/linux-x86_64/lib/gcc/mips64el-linux-android/4.9.x/../../../../mips64el-linux-android/lib/../lib64] ==> dir [/home/crystal/sdk/android-ndk-r15c/toolchains/mips64el-linux-android-4.9/prebuilt/linux-x86_64/lib/gcc/mips64el-linux-android/4.9.x/../../../../mips64el-linux-android/lib/../lib64]
    arg [-L/home/crystal/sdk/android-ndk-r15c/platforms/android-21/arch-mips64/usr/lib/../lib64] ==> dir [/home/crystal/sdk/android-ndk-r15c/platforms/android-21/arch-mips64/usr/lib/../lib64]
    arg [-L/home/crystal/sdk/android-ndk-r15c/toolchains/mips64el-linux-android-4.9/prebuilt/linux-x86_64/lib/gcc/mips64el-linux-android/4.9.x/../../../../mips64el-linux-android/lib] ==> dir [/home/crystal/sdk/android-ndk-r15c/toolchains/mips64el-linux-android-4.9/prebuilt/linux-x86_64/lib/gcc/mips64el-linux-android/4.9.x/../../../../mips64el-linux-android/lib]
    arg [-L/home/crystal/sdk/android-ndk-r15c/platforms/android-21/arch-mips64/usr/lib] ==> dir [/home/crystal/sdk/android-ndk-r15c/platforms/android-21/arch-mips64/usr/lib]
    arg [--exclude-libs] ==> ignore
    arg [libgcc.a] ==> ignore
    arg [--build-id] ==> ignore
    arg [--warn-shared-textrel] ==> ignore
    arg [--fatal-warnings] ==> ignore
    arg [--no-undefined] ==> ignore
    arg [-znoexecstack] ==> ignore
    arg [-zrelro] ==> ignore
    arg [-znow] ==> ignore
    arg [--gc-sections] ==> ignore
    arg [-znocopyreloc] ==> ignore
    arg [CMakeFiles/cmTC_d25eb.dir/CMakeCCompilerABI.c.o] ==> ignore
    arg [-lgcc] ==> lib [gcc]
    arg [-ldl] ==> lib [dl]
    arg [-lc] ==> lib [c]
    arg [-lgcc] ==> lib [gcc]
    arg [-ldl] ==> lib [dl]
    arg [/home/crystal/sdk/android-ndk-r15c/platforms/android-21/arch-mips64/usr/lib/../lib64/crtend_android.o] ==> ignore
  remove lib [gcc]
  remove lib [gcc]
  collapse library dir [/home/crystal/sdk/android-ndk-r15c/toolchains/llvm/prebuilt/linux-x86_64/lib64/clang/5.0.300080/lib/linux/mips64el] ==> [/home/crystal/sdk/android-ndk-r15c/toolchains/llvm/prebuilt/linux-x86_64/lib64/clang/5.0.300080/lib/linux/mips64el]
  collapse library dir [/home/crystal/sdk/android-ndk-r15c/toolchains/mips64el-linux-android-4.9/prebuilt/linux-x86_64/lib/gcc/mips64el-linux-android/4.9.x] ==> [/home/crystal/sdk/android-ndk-r15c/toolchains/mips64el-linux-android-4.9/prebuilt/linux-x86_64/lib/gcc/mips64el-linux-android/4.9.x]
  collapse library dir [/home/crystal/sdk/android-ndk-r15c/toolchains/mips64el-linux-android-4.9/prebuilt/linux-x86_64/lib/gcc/mips64el-linux-android/4.9.x/../../../../mips64el-linux-android/lib/../lib64] ==> [/home/crystal/sdk/android-ndk-r15c/toolchains/mips64el-linux-android-4.9/prebuilt/linux-x86_64/mips64el-linux-android/lib64]
  collapse library dir [/home/crystal/sdk/android-ndk-r15c/platforms/android-21/arch-mips64/usr/lib/../lib64] ==> [/home/crystal/sdk/android-ndk-r15c/platforms/android-21/arch-mips64/usr/lib64]
  collapse library dir [/home/crystal/sdk/android-ndk-r15c/toolchains/mips64el-linux-android-4.9/prebuilt/linux-x86_64/lib/gcc/mips64el-linux-android/4.9.x/../../../../mips64el-linux-android/lib] ==> [/home/crystal/sdk/android-ndk-r15c/toolchains/mips64el-linux-android-4.9/prebuilt/linux-x86_64/mips64el-linux-android/lib]
  collapse library dir [/home/crystal/sdk/android-ndk-r15c/platforms/android-21/arch-mips64/usr/lib] ==> [/home/crystal/sdk/android-ndk-r15c/platforms/android-21/arch-mips64/usr/lib]
  implicit libs: [dl;c;dl]
  implicit dirs: [/home/crystal/sdk/android-ndk-r15c/toolchains/llvm/prebuilt/linux-x86_64/lib64/clang/5.0.300080/lib/linux/mips64el;/home/crystal/sdk/android-ndk-r15c/toolchains/mips64el-linux-android-4.9/prebuilt/linux-x86_64/lib/gcc/mips64el-linux-android/4.9.x;/home/crystal/sdk/android-ndk-r15c/toolchains/mips64el-linux-android-4.9/prebuilt/linux-x86_64/mips64el-linux-android/lib64;/home/crystal/sdk/android-ndk-r15c/platforms/android-21/arch-mips64/usr/lib64;/home/crystal/sdk/android-ndk-r15c/toolchains/mips64el-linux-android-4.9/prebuilt/linux-x86_64/mips64el-linux-android/lib;/home/crystal/sdk/android-ndk-r15c/platforms/android-21/arch-mips64/usr/lib]
  implicit fwks: []




Detecting C [-std=c11] compiler features compiled with the following output:
Change Dir: /home/crystal/workdir/android_src/BabyHelper/app/.externalNativeBuild/cmake/debug/mips64/CMakeFiles/CMakeTmp

Run Build Command:"/home/crystal/sdk/android_sdk/cmake/3.6.4111459/bin/ninja" "cmTC_f3741"
[1/2] Building C object CMakeFiles/cmTC_f3741.dir/feature_tests.c.o
[2/2] Linking C executable cmTC_f3741


    Feature record: C_FEATURE:1c_function_prototypes
    Feature record: C_FEATURE:1c_restrict
    Feature record: C_FEATURE:1c_static_assert
    Feature record: C_FEATURE:1c_variadic_macros


Detecting C [-std=c99] compiler features compiled with the following output:
Change Dir: /home/crystal/workdir/android_src/BabyHelper/app/.externalNativeBuild/cmake/debug/mips64/CMakeFiles/CMakeTmp

Run Build Command:"/home/crystal/sdk/android_sdk/cmake/3.6.4111459/bin/ninja" "cmTC_a0430"
[1/2] Building C object CMakeFiles/cmTC_a0430.dir/feature_tests.c.o
[2/2] Linking C executable cmTC_a0430


    Feature record: C_FEATURE:1c_function_prototypes
    Feature record: C_FEATURE:1c_restrict
    Feature record: C_FEATURE:0c_static_assert
    Feature record: C_FEATURE:1c_variadic_macros


Detecting C [-std=c90] compiler features compiled with the following output:
Change Dir: /home/crystal/workdir/android_src/BabyHelper/app/.externalNativeBuild/cmake/debug/mips64/CMakeFiles/CMakeTmp

Run Build Command:"/home/crystal/sdk/android_sdk/cmake/3.6.4111459/bin/ninja" "cmTC_e7a36"
[1/2] Building C object CMakeFiles/cmTC_e7a36.dir/feature_tests.c.o
[2/2] Linking C executable cmTC_e7a36


    Feature record: C_FEATURE:1c_function_prototypes
    Feature record: C_FEATURE:0c_restrict
    Feature record: C_FEATURE:0c_static_assert
    Feature record: C_FEATURE:0c_variadic_macros
